<?xml version="1.0" encoding="UTF-8"?>
<!-- Generated by org.testng.reporters.JUnitReportReporter -->
<testsuite skipped="0" hostname="DESKTOP-V38MVE0" name="tests.UserRegistrationTest" tests="1" failures="0" timestamp="2022-07-31T14:48:49 EET" time="12.685" errors="0">
  <testcase name="UserCanRegisterSucessfully" time="12.685" classname="tests.UserRegistrationTest"/>
  <system-out/>
</testsuite> <!-- tests.UserRegistrationTest -->
