<?xml version="1.0" encoding="UTF-8"?>
<!-- Generated by org.testng.reporters.JUnitReportReporter -->
<testsuite hostname="DESKTOP-V38MVE0" failures="0" tests="2" name="tests.SearchProductTest" time="43.793" errors="0" timestamp="2023-02-05T17:46:19 EET" skipped="0">
  <testcase classname="tests.SearchProductTest" name="SearchForProduct" time="14.660"/>
  <system-out/>
  <testcase classname="tests.SearchProductTest" name="SearchForProductAutoComplete" time="29.133"/>
  <system-out/>
</testsuite> <!-- tests.SearchProductTest -->
