<?xml version="1.0" encoding="UTF-8"?>
<!-- Generated by org.testng.reporters.JUnitReportReporter -->
<testsuite hostname="DESKTOP-V38MVE0" failures="0" tests="3" name="tests.MyAccountTest" time="10.012" errors="0" timestamp="2023-02-17T21:11:16 EET" skipped="0">
  <testcase classname="tests.MyAccountTest" name="ChangePassword" time="3.203"/>
  <system-out/>
  <testcase classname="tests.MyAccountTest" name="RegisterNewUser" time="3.532"/>
  <system-out/>
  <testcase classname="tests.MyAccountTest" name="Login" time="3.277"/>
  <system-out/>
</testsuite> <!-- tests.MyAccountTest -->
