<?xml version="1.0" encoding="UTF-8"?>
<!-- Generated by org.testng.reporters.JUnitReportReporter -->
<testsuite hostname="DESKTOP-V38MVE0" failures="0" tests="3" name="tests.MyAccountTest" time="10.010" errors="0" timestamp="2023-02-05T17:46:19 EET" skipped="0">
  <testcase classname="tests.MyAccountTest" name="RegisterNewUser" time="4.348"/>
  <system-out/>
  <testcase classname="tests.MyAccountTest" name="Login" time="2.454"/>
  <system-out/>
  <testcase classname="tests.MyAccountTest" name="ChangePassword" time="3.208"/>
  <system-out/>
</testsuite> <!-- tests.MyAccountTest -->
