<?xml version="1.0" encoding="UTF-8"?>
<!-- Generated by org.testng.reporters.JUnitReportReporter -->
<testsuite hostname="DESKTOP-V38MVE0" failures="0" tests="1" name="tests.UserRegistrationTest" time="10.008" errors="0" timestamp="2023-02-17T21:11:16 EET" skipped="0">
  <testcase classname="tests.UserRegistrationTest" name="UserCanRegisterSucessfully" time="10.008"/>
  <system-out/>
</testsuite> <!-- tests.UserRegistrationTest -->
