<?xml version="1.0" encoding="UTF-8"?>
<!-- Generated by org.testng.reporters.JUnitReportReporter -->
<testsuite hostname="DESKTOP-V38MVE0" failures="0" tests="3" name="tests.LoginTest" time="31.800" errors="0" timestamp="2023-02-17T21:11:16 EET" skipped="0">
  <testcase classname="tests.LoginTest" name="CheckLoginSuccessfully" time="13.098"/>
  <system-out/>
  <testcase classname="tests.LoginTest" name="RegisterNewUser" time="10.237"/>
  <system-out/>
  <testcase classname="tests.LoginTest" name="CheckLoginFaild" time="8.465"/>
  <system-out/>
</testsuite> <!-- tests.LoginTest -->
