<?xml version="1.0" encoding="UTF-8"?>
<!-- Generated by org.testng.reporters.JUnitReportReporter -->
<testsuite hostname="DESKTOP-V38MVE0" failures="0" tests="2" name="tests.SearchProductTest" time="31.999" errors="0" timestamp="2023-02-17T20:47:37 EET" skipped="0">
  <testcase classname="tests.SearchProductTest" name="SearchForProductAutoComplete" time="20.221"/>
  <system-out/>
  <testcase classname="tests.SearchProductTest" name="SearchForProduct" time="11.778"/>
  <system-out/>
</testsuite> <!-- tests.SearchProductTest -->
