<?xml version="1.0" encoding="UTF-8"?>
<!-- Generated by org.testng.reporters.JUnitReportReporter -->
<testsuite hostname="DESKTOP-V38MVE0" failures="0" tests="2" name="tests.SearchProductTest" time="20.320" errors="0" timestamp="2023-02-17T21:11:16 EET" skipped="0">
  <testcase classname="tests.SearchProductTest" name="SearchForProductAutoComplete" time="9.591"/>
  <system-out/>
  <testcase classname="tests.SearchProductTest" name="SearchForProduct" time="10.729"/>
  <system-out/>
</testsuite> <!-- tests.SearchProductTest -->
