<?xml version="1.0" encoding="UTF-8"?>
<!-- Generated by org.testng.reporters.JUnitReportReporter -->
<testsuite hostname="DESKTOP-V38MVE0" failures="0" tests="5" name="tests.CheckoutTest" time="66.259" errors="0" timestamp="2023-02-05T17:46:19 EET" skipped="0">
  <testcase classname="tests.CheckoutTest" name="LoginSuccessfully" time="2.753"/>
  <system-out/>
  <testcase classname="tests.CheckoutTest" name="AddProductToCart" time="4.766"/>
  <system-out/>
  <testcase classname="tests.CheckoutTest" name="SearchForProductCompleteName" time="8.985"/>
  <system-out/>
  <testcase classname="tests.CheckoutTest" name="RegisterNewUser" time="35.007"/>
  <system-out/>
  <testcase classname="tests.CheckoutTest" name="Checkout" time="14.748"/>
  <system-out/>
</testsuite> <!-- tests.CheckoutTest -->
