<?xml version="1.0" encoding="UTF-8"?>
<!-- Generated by org.testng.reporters.JUnitReportReporter -->
<testsuite hostname="DESKTOP-V38MVE0" failures="0" tests="1" name="tests.UserRegistrationTest" time="15.378" errors="0" timestamp="2023-02-05T17:46:19 EET" skipped="0">
  <testcase classname="tests.UserRegistrationTest" name="UserCanRegisterSucessfully" time="15.378"/>
  <system-out/>
</testsuite> <!-- tests.UserRegistrationTest -->
