<?xml version="1.0" encoding="UTF-8"?>
<!-- Generated by org.testng.reporters.JUnitReportReporter -->
<testsuite hostname="DESKTOP-V38MVE0" failures="0" tests="3" name="tests.LoginTest" time="79.985" errors="0" timestamp="2023-02-05T17:46:19 EET" skipped="0">
  <testcase classname="tests.LoginTest" name="CheckLoginFaild" time="21.769"/>
  <system-out/>
  <testcase classname="tests.LoginTest" name="CheckLoginSuccessfully" time="35.908"/>
  <system-out/>
  <testcase classname="tests.LoginTest" name="RegisterNewUser" time="22.308"/>
  <system-out/>
</testsuite> <!-- tests.LoginTest -->
