<?xml version="1.0" encoding="UTF-8"?>
<!-- Generated by org.testng.reporters.JUnitReportReporter -->
<testsuite hostname="DESKTOP-V38MVE0" failures="0" tests="5" name="tests.CheckoutTest" time="25.588" errors="0" timestamp="2023-02-17T21:11:16 EET" skipped="0">
  <testcase classname="tests.CheckoutTest" name="RegisterNewUser" time="3.883"/>
  <system-out/>
  <testcase classname="tests.CheckoutTest" name="SearchForProductCompleteName" time="5.611"/>
  <system-out/>
  <testcase classname="tests.CheckoutTest" name="AddProductToCart" time="4.241"/>
  <system-out/>
  <testcase classname="tests.CheckoutTest" name="Checkout" time="8.856"/>
  <system-out/>
  <testcase classname="tests.CheckoutTest" name="LoginSuccessfully" time="2.997"/>
  <system-out/>
</testsuite> <!-- tests.CheckoutTest -->
